<?xml version="1.0" encoding="UTF-8"?>
<!-- Generated by org.testng.reporters.JUnitReportReporter -->
<testsuite hostname="mc1junb2129" failures="0" tests="1" name="Employee_Milestone2.Employee_Milestone2_Artifact.AppTest" time="0.019" errors="0" timestamp="2022-08-05T12:24:12 GMT+05:30" skipped="0">
  <testcase classname="Employee_Milestone2.Employee_Milestone2_Artifact.AppTest" name="shouldAnswerWithTrue" time="0.019"/>
</testsuite> <!-- Employee_Milestone2.Employee_Milestone2_Artifact.AppTest -->
